<?xml version="1.0" encoding="UTF-8"?>
<testsuite xmlns:xsi="http://www.w3.org/2001/XMLSchema-instance" xsi:noNamespaceSchemaLocation="https://maven.apache.org/surefire/maven-surefire-plugin/xsd/surefire-test-report.xsd" name="com.bank.demo.domain.AttributesAccountTest" time="0.264" tests="7" errors="0" skipped="0" failures="0">
  <properties>
[...]
</properties>
  <testcase name="getAvailableLimit" classname="com.bank.demo.domain.AttributesAccountTest" time="0.112"/>
  <testcase name="isActive" classname="com.bank.demo.domain.AttributesAccountTest" time="0.002"/>
  <testcase name="setActive" classname="com.bank.demo.domain.AttributesAccountTest" time="0.005"/>
  <testcase name="setAvailableLimit" classname="com.bank.demo.domain.AttributesAccountTest" time="0.004"/>
  <testcase name="addHistoryTransactionTest" classname="com.bank.demo.domain.AttributesAccountTest$HistoryTransactionTest" time="0.011"/>
  <testcase name="getHistoryTransaction" classname="com.bank.demo.domain.AttributesAccountTest$HistoryTransactionTest" time="0.004"/>
  <testcase name="setHistoryTransaction" classname="com.bank.demo.domain.AttributesAccountTest$HistoryTransactionTest" time="0.015"/>
</testsuite>